Textbox Name input Array is a valid name: False
Textbox Name input One Dimension Array is a valid name: True
Record selected at index 7
Record edited with textboxes input at index 7
Record not selected
Record not selected
Record selected at index 7
Record edited with textboxes input at index 7
Record not selected
Record selected at index 7
User selected No in the dialog box. Record not deleted
No record selected
Record selected at index 7
User selected Yes in the dialog box. Record deleted at index 7
No record selected
Textbox Name input List is a valid name: False
Textbox Name input Matrix is a valid name: True
Record selected at index 7
Record edited with textboxes input at index 7
Record not selected
Hash is a valid name: True
Hash Table is a valid name: False
Record edited at index 3
User selected No in the dialog box. Record not deleted
Record not selected
User selected Yes in the dialog box. Record deleted at index 3
Record edited at index 0
Record not selected
User selected No in the dialog box. Record not deleted
Array is a valid name: False
Array is a valid name: False
Array is a valid name: False
Hash Table is a valid name: False
Record not selected
Record edited at index 3
User selected No in the dialog box. Record not deleted
Matrix is a valid name: True
Array is a valid name: False
Record not selected
Record edited at index 3
Record edited at index 3
Matrix is a valid name: False
User selected No in the dialog box. Record not deleted
User selected No in the dialog box. Record not deleted
User selected Yes in the dialog box. Record deleted at index 7
